<?xml version="1.0" encoding="UTF-8"?>
<testsuite name="in.mcxiv.interp.InterpreterTest" tests="6" skipped="2" failures="0" errors="0" timestamp="2022-02-18T08:41:24" hostname="LEN-CELENTIS" time="0.222">
  <properties/>
  <testcase name="simpleTest()" classname="in.mcxiv.interp.InterpreterTest" time="0.167"/>
  <testcase name="testExpressions()" classname="in.mcxiv.interp.InterpreterTest" time="0.03"/>
  <testcase name="test()" classname="in.mcxiv.interp.InterpreterTest" time="0.001">
    <skipped/>
  </testcase>
  <testcase name="runAllTests()" classname="in.mcxiv.interp.InterpreterTest" time="0.0">
    <skipped/>
  </testcase>
  <testcase name="testVariablesAndInputs()" classname="in.mcxiv.interp.InterpreterTest" time="0.006"/>
  <testcase name="testingForLoops()" classname="in.mcxiv.interp.InterpreterTest" time="0.01"/>
  <system-out><![CDATA[?[38;2;255;255;255m?[48;2;104;41;246m            CENTRAL_REPOSITORY            ?[0m?[38;2;0;0;0m?[48;2;168;169;246m Under static initializer :)                                                                          ?[0m
?[38;2;255;255;255m?[48;2;104;41;246m              DATE AND TIME               ?[0m?[38;2;0;0;0m?[48;2;168;169;246m 2022-02-18T14:11:24.307181300                                                                        ?[0m
?[38;2;255;255;255m?[48;2;104;41;246m             CORES AVAILABLE              ?[0m?[38;2;0;0;0m?[48;2;168;169;246m 16                                                                                                   ?[0m
?[38;2;255;255;255m?[48;2;104;41;246m                User Name                 ?[0m?[38;2;0;0;0m?[48;2;168;169;246m mcxiv                                                                                                ?[0m
?[38;2;255;255;255m?[48;2;104;41;246m              User Directory              ?[0m?[38;2;0;0;0m?[48;2;168;169;246m D:\Projects\JAVA\THATLANG                                                                            ?[0m
?[38;2;255;255;255m?[48;2;104;41;246m                User Home                 ?[0m?[38;2;0;0;0m?[48;2;168;169;246m C:\Users\mcxiv                                                                                       ?[0m
?[38;2;255;255;255m?[48;2;168;144;240m                OPERATORS                 ?[0m?[38;2;0;0;0m?[48;2;168;0;240m Under static initializer :)                                                                          ?[0m
simple Test
12.0
Hello
TestVariablesAndInputs
]]></system-out>
  <system-err><![CDATA[]]></system-err>
</testsuite>
